[debug] [2025-09-21T16:54:35.012Z] ----------------------------------------------------------------------
[debug] [2025-09-21T16:54:35.014Z] Command:       C:\Program Files\nodejs\node.exe C:\Users\Asus\AppData\Roaming\npm\node_modules\firebase-tools\lib\bin\firebase.js deploy --debug
[debug] [2025-09-21T16:54:35.015Z] CLI Version:   14.16.0
[debug] [2025-09-21T16:54:35.015Z] Platform:      win32
[debug] [2025-09-21T16:54:35.015Z] Node Version:  v22.14.0
[debug] [2025-09-21T16:54:35.015Z] Time:          Sun Sep 21 2025 19:54:35 GMT+0300 (GMT+03:00)
[debug] [2025-09-21T16:54:35.015Z] ----------------------------------------------------------------------
[debug] 
[debug] [2025-09-21T16:54:35.206Z] > command requires scopes: ["email","openid","https://www.googleapis.com/auth/cloudplatformprojects.readonly","https://www.googleapis.com/auth/firebase","https://www.googleapis.com/auth/cloud-platform"]
[debug] [2025-09-21T16:54:35.207Z] > authorizing via signed-in user (furkanaydin173@gmail.com)
[debug] [2025-09-21T16:54:35.208Z] [iam] checking project mottodeneme-86727 for permissions ["datastore.indexes.create","datastore.indexes.delete","datastore.indexes.list","datastore.indexes.update","firebase.projects.get"]
[debug] [2025-09-21T16:54:35.209Z] Checked if tokens are valid: true, expires at: 1758477197020
[debug] [2025-09-21T16:54:35.210Z] Checked if tokens are valid: true, expires at: 1758477197020
[debug] [2025-09-21T16:54:35.212Z] >>> [apiv2][query] POST https://cloudresourcemanager.googleapis.com/v1/projects/mottodeneme-86727:testIamPermissions [none]
[debug] [2025-09-21T16:54:35.212Z] >>> [apiv2][(partial)header] POST https://cloudresourcemanager.googleapis.com/v1/projects/mottodeneme-86727:testIamPermissions x-goog-quota-user=projects/mottodeneme-86727
[debug] [2025-09-21T16:54:35.213Z] >>> [apiv2][body] POST https://cloudresourcemanager.googleapis.com/v1/projects/mottodeneme-86727:testIamPermissions {"permissions":["datastore.indexes.create","datastore.indexes.delete","datastore.indexes.list","datastore.indexes.update","firebase.projects.get"]}
[debug] [2025-09-21T16:54:36.185Z] <<< [apiv2][status] POST https://cloudresourcemanager.googleapis.com/v1/projects/mottodeneme-86727:testIamPermissions 200
[debug] [2025-09-21T16:54:36.186Z] <<< [apiv2][body] POST https://cloudresourcemanager.googleapis.com/v1/projects/mottodeneme-86727:testIamPermissions {"permissions":["datastore.indexes.create","datastore.indexes.delete","datastore.indexes.list","datastore.indexes.update","firebase.projects.get"]}
[info] 
[info] === Deploying to 'mottodeneme-86727'...
[info] 
[info] i  deploying firestore 
[info] i  firestore: reading indexes from firestore.indexes.json... 
[info] i  cloud.firestore: checking firestore.rules for compilation errors... 
[debug] [2025-09-21T16:54:36.191Z] Checked if tokens are valid: true, expires at: 1758477197020
[debug] [2025-09-21T16:54:36.191Z] Checked if tokens are valid: true, expires at: 1758477197020
[debug] [2025-09-21T16:54:36.191Z] >>> [apiv2][query] POST https://firebaserules.googleapis.com/v1/projects/mottodeneme-86727:test [none]
[debug] [2025-09-21T16:54:36.191Z] >>> [apiv2][body] POST https://firebaserules.googleapis.com/v1/projects/mottodeneme-86727:test [omitted]
[debug] [2025-09-21T16:54:36.649Z] <<< [apiv2][status] POST https://firebaserules.googleapis.com/v1/projects/mottodeneme-86727:test 200
[debug] [2025-09-21T16:54:36.650Z] <<< [apiv2][body] POST https://firebaserules.googleapis.com/v1/projects/mottodeneme-86727:test {}
[info] +  cloud.firestore: rules file firestore.rules compiled successfully 
[debug] [2025-09-21T16:54:36.651Z] Checked if tokens are valid: true, expires at: 1758477197020
[debug] [2025-09-21T16:54:36.652Z] Checked if tokens are valid: true, expires at: 1758477197020
[debug] [2025-09-21T16:54:36.653Z] >>> [apiv2][query] GET https://firestore.googleapis.com/v1/projects/mottodeneme-86727/databases/(default) [none]
[debug] [2025-09-21T16:54:37.043Z] <<< [apiv2][status] GET https://firestore.googleapis.com/v1/projects/mottodeneme-86727/databases/(default) 200
[debug] [2025-09-21T16:54:37.043Z] <<< [apiv2][body] GET https://firestore.googleapis.com/v1/projects/mottodeneme-86727/databases/(default) {"name":"projects/mottodeneme-86727/databases/(default)","uid":"a56c0eed-4c52-48f1-b462-eb19087aeea1","createTime":"2025-09-09T05:26:57.387598Z","updateTime":"2025-09-09T05:26:57.387598Z","locationId":"eur3","type":"FIRESTORE_NATIVE","concurrencyMode":"PESSIMISTIC","versionRetentionPeriod":"3600s","earliestVersionTime":"2025-09-21T15:54:37.037125Z","appEngineIntegrationMode":"DISABLED","keyPrefix":"e","pointInTimeRecoveryEnablement":"POINT_IN_TIME_RECOVERY_DISABLED","deleteProtectionState":"DELETE_PROTECTION_DISABLED","databaseEdition":"STANDARD","freeTier":true,"etag":"IJ239/ao6o8DMMy4vq3/yo8D"}
[debug] [2025-09-21T16:54:37.044Z] Checked if tokens are valid: true, expires at: 1758477197020
[debug] [2025-09-21T16:54:37.044Z] Checked if tokens are valid: true, expires at: 1758477197020
[debug] [2025-09-21T16:54:37.045Z] >>> [apiv2][query] GET https://firebaserules.googleapis.com/v1/projects/mottodeneme-86727/releases pageSize=10&pageToken=
[debug] [2025-09-21T16:54:37.385Z] <<< [apiv2][status] GET https://firebaserules.googleapis.com/v1/projects/mottodeneme-86727/releases 200
[debug] [2025-09-21T16:54:37.385Z] <<< [apiv2][body] GET https://firebaserules.googleapis.com/v1/projects/mottodeneme-86727/releases {"releases":[{"name":"projects/mottodeneme-86727/releases/cloud.firestore","rulesetName":"projects/mottodeneme-86727/rulesets/8f0b0cf9-642c-4a2b-8c91-04b91b8c1431","createTime":"2025-09-09T05:27:04.354433Z","updateTime":"2025-09-16T09:04:29.286368Z"}]}
[debug] [2025-09-21T16:54:37.386Z] Checked if tokens are valid: true, expires at: 1758477197020
[debug] [2025-09-21T16:54:37.386Z] Checked if tokens are valid: true, expires at: 1758477197020
[debug] [2025-09-21T16:54:37.386Z] >>> [apiv2][query] GET https://firebaserules.googleapis.com/v1/projects/mottodeneme-86727/rulesets/8f0b0cf9-642c-4a2b-8c91-04b91b8c1431 [none]
[debug] [2025-09-21T16:54:37.613Z] <<< [apiv2][status] GET https://firebaserules.googleapis.com/v1/projects/mottodeneme-86727/rulesets/8f0b0cf9-642c-4a2b-8c91-04b91b8c1431 200
[debug] [2025-09-21T16:54:37.613Z] <<< [apiv2][body] GET https://firebaserules.googleapis.com/v1/projects/mottodeneme-86727/rulesets/8f0b0cf9-642c-4a2b-8c91-04b91b8c1431 [omitted]
[info] i  firestore: latest version of firestore.rules already up to date, skipping upload... 
[info] i  firestore: deploying indexes... 
[debug] [2025-09-21T16:54:37.615Z] Checked if tokens are valid: true, expires at: 1758477197020
[debug] [2025-09-21T16:54:37.615Z] Checked if tokens are valid: true, expires at: 1758477197020
[debug] [2025-09-21T16:54:37.615Z] >>> [apiv2][query] GET https://firestore.googleapis.com/v1/projects/mottodeneme-86727/databases/(default)/collectionGroups/-/indexes [none]
[debug] [2025-09-21T16:54:37.890Z] <<< [apiv2][status] GET https://firestore.googleapis.com/v1/projects/mottodeneme-86727/databases/(default)/collectionGroups/-/indexes 200
[debug] [2025-09-21T16:54:37.890Z] <<< [apiv2][body] GET https://firestore.googleapis.com/v1/projects/mottodeneme-86727/databases/(default)/collectionGroups/-/indexes {}
[debug] [2025-09-21T16:54:37.890Z] Checked if tokens are valid: true, expires at: 1758477197020
[debug] [2025-09-21T16:54:37.891Z] Checked if tokens are valid: true, expires at: 1758477197020
[debug] [2025-09-21T16:54:37.891Z] >>> [apiv2][query] GET https://firestore.googleapis.com/v1/projects/mottodeneme-86727/databases/(default)/collectionGroups/-/fields?filter=indexConfig.usesAncestorConfig=false OR ttlConfig:* [none]
[debug] [2025-09-21T16:54:38.012Z] <<< [apiv2][status] GET https://firestore.googleapis.com/v1/projects/mottodeneme-86727/databases/(default)/collectionGroups/-/fields?filter=indexConfig.usesAncestorConfig=false OR ttlConfig:* 200
[debug] [2025-09-21T16:54:38.013Z] <<< [apiv2][body] GET https://firestore.googleapis.com/v1/projects/mottodeneme-86727/databases/(default)/collectionGroups/-/fields?filter=indexConfig.usesAncestorConfig=false OR ttlConfig:* {"fields":[{"name":"projects/mottodeneme-86727/databases/(default)/collectionGroups/__default__/fields/*","indexConfig":{"indexes":[{"queryScope":"COLLECTION","fields":[{"fieldPath":"*","order":"ASCENDING"}],"state":"READY"},{"queryScope":"COLLECTION","fields":[{"fieldPath":"*","order":"DESCENDING"}],"state":"READY"},{"queryScope":"COLLECTION","fields":[{"fieldPath":"*","arrayConfig":"CONTAINS"}],"state":"READY"}]}}]}
[debug] [2025-09-21T16:54:38.013Z] Checked if tokens are valid: true, expires at: 1758477197020
[debug] [2025-09-21T16:54:38.013Z] Checked if tokens are valid: true, expires at: 1758477197020
[debug] [2025-09-21T16:54:38.013Z] >>> [apiv2][query] GET https://firestore.googleapis.com/v1/projects/mottodeneme-86727/databases/(default) [none]
[debug] [2025-09-21T16:54:38.135Z] <<< [apiv2][status] GET https://firestore.googleapis.com/v1/projects/mottodeneme-86727/databases/(default) 200
[debug] [2025-09-21T16:54:38.135Z] <<< [apiv2][body] GET https://firestore.googleapis.com/v1/projects/mottodeneme-86727/databases/(default) {"name":"projects/mottodeneme-86727/databases/(default)","uid":"a56c0eed-4c52-48f1-b462-eb19087aeea1","createTime":"2025-09-09T05:26:57.387598Z","updateTime":"2025-09-09T05:26:57.387598Z","locationId":"eur3","type":"FIRESTORE_NATIVE","concurrencyMode":"PESSIMISTIC","versionRetentionPeriod":"3600s","earliestVersionTime":"2025-09-21T15:54:38.131438Z","appEngineIntegrationMode":"DISABLED","keyPrefix":"e","pointInTimeRecoveryEnablement":"POINT_IN_TIME_RECOVERY_DISABLED","deleteProtectionState":"DELETE_PROTECTION_DISABLED","databaseEdition":"STANDARD","freeTier":true,"etag":"IM6Yuveo6o8DMMy4vq3/yo8D"}
[info] +  firestore: deployed indexes in firestore.indexes.json successfully for (default) database 
[debug] [2025-09-21T16:54:38.136Z] [rules] releasing cloud.firestore/(default) with ruleset projects/mottodeneme-86727/rulesets/8f0b0cf9-642c-4a2b-8c91-04b91b8c1431
[debug] [2025-09-21T16:54:38.137Z] Checked if tokens are valid: true, expires at: 1758477197020
[debug] [2025-09-21T16:54:38.137Z] Checked if tokens are valid: true, expires at: 1758477197020
[debug] [2025-09-21T16:54:38.137Z] >>> [apiv2][query] PATCH https://firebaserules.googleapis.com/v1/projects/mottodeneme-86727/releases/cloud.firestore/(default) [none]
[debug] [2025-09-21T16:54:38.137Z] >>> [apiv2][body] PATCH https://firebaserules.googleapis.com/v1/projects/mottodeneme-86727/releases/cloud.firestore/(default) {"release":{"name":"projects/mottodeneme-86727/releases/cloud.firestore/(default)","rulesetName":"projects/mottodeneme-86727/rulesets/8f0b0cf9-642c-4a2b-8c91-04b91b8c1431"}}
[debug] [2025-09-21T16:54:39.034Z] <<< [apiv2][status] PATCH https://firebaserules.googleapis.com/v1/projects/mottodeneme-86727/releases/cloud.firestore/(default) 200
[debug] [2025-09-21T16:54:39.035Z] <<< [apiv2][body] PATCH https://firebaserules.googleapis.com/v1/projects/mottodeneme-86727/releases/cloud.firestore/(default) {"name":"projects/mottodeneme-86727/releases/cloud.firestore","rulesetName":"projects/mottodeneme-86727/rulesets/8f0b0cf9-642c-4a2b-8c91-04b91b8c1431","createTime":"2025-09-09T05:27:04.354433Z","updateTime":"2025-09-21T16:54:38.945073Z"}
[debug] [2025-09-21T16:54:39.035Z] [rules] updated release projects/mottodeneme-86727/releases/cloud.firestore
[info] +  firestore: released rules firestore.rules to cloud.firestore 
[info] 
[info] +  Deploy complete! 
[info] 
[info] Project Console: https://console.firebase.google.com/project/mottodeneme-86727/overview
